2019-06-30 23:32:30,551 - root - DEBUG - data received...
2019-06-30 23:32:30,660 - root - DEBUG - check negative values
2019-06-30 23:32:30,716 - root - DEBUG - check null values
2019-06-30 23:32:30,753 - root - DEBUG - check unique hotel
2019-06-30 23:32:30,900 - root - DEBUG - CTR and overall CTR
2019-06-30 23:32:31,541 - root - DEBUG - parsing semicolon data
2019-06-30 23:32:31,558 - root - DEBUG - cleaning the unexpected positions
2019-06-30 23:32:31,711 - matplotlib.axes._base - DEBUG - update_title_pos
2019-06-30 23:32:31,737 - matplotlib.font_manager - DEBUG - findfont: Matching :family=sans-serif:style=normal:variant=normal:weight=normal:stretch=normal:size=11.0 to Arial ('C:\\Windows\\Fonts\\arial.ttf') with score of 0.050000.
2019-06-30 23:32:31,749 - matplotlib.font_manager - DEBUG - findfont: Matching :family=sans-serif:style=normal:variant=normal:weight=normal:stretch=normal:size=10.0 to Arial ('C:\\Windows\\Fonts\\arial.ttf') with score of 0.050000.
2019-06-30 23:32:31,892 - matplotlib.axes._base - DEBUG - update_title_pos
2019-06-30 23:32:31,927 - matplotlib.axes._base - DEBUG - update_title_pos
2019-06-30 23:32:31,957 - matplotlib.axes._base - DEBUG - update_title_pos
2019-06-30 23:32:32,103 - root - DEBUG - distribution of positions
2019-06-30 23:32:32,342 - matplotlib.axes._base - DEBUG - update_title_pos
2019-06-30 23:32:32,396 - matplotlib.font_manager - DEBUG - findfont: Matching :family=sans-serif:style=normal:variant=normal:weight=normal:stretch=normal:size=12.0 to Arial ('C:\\Windows\\Fonts\\arial.ttf') with score of 0.050000.
2019-06-30 23:32:32,488 - matplotlib.axes._base - DEBUG - update_title_pos
2019-06-30 23:32:32,565 - matplotlib.axes._base - DEBUG - update_title_pos
2019-06-30 23:32:32,607 - matplotlib.axes._base - DEBUG - update_title_pos
2019-06-30 23:32:32,729 - root - DEBUG - clicks & avg impressed position
2019-06-30 23:32:32,792 - matplotlib.axes._base - DEBUG - update_title_pos
2019-06-30 23:32:32,891 - matplotlib.axes._base - DEBUG - update_title_pos
2019-06-30 23:32:32,964 - matplotlib.axes._base - DEBUG - update_title_pos
2019-06-30 23:32:33,003 - matplotlib.axes._base - DEBUG - update_title_pos
2019-06-30 23:32:33,103 - root - DEBUG - clicks & displayed position
2019-06-30 23:32:33,177 - matplotlib.axes._base - DEBUG - update_title_pos
2019-06-30 23:32:33,327 - matplotlib.axes._base - DEBUG - update_title_pos
2019-06-30 23:32:33,388 - matplotlib.axes._base - DEBUG - update_title_pos
2019-06-30 23:32:33,419 - matplotlib.axes._base - DEBUG - update_title_pos
2019-06-30 23:32:33,545 - root - DEBUG - clicked position & avg impressed position
2019-06-30 23:32:33,625 - matplotlib.colorbar - DEBUG - locator: <matplotlib.ticker.MaxNLocator object at 0x000001DFA2EB1E80>
2019-06-30 23:32:33,625 - matplotlib.colorbar - DEBUG - Using auto colorbar locator on colorbar
2019-06-30 23:32:33,625 - matplotlib.colorbar - DEBUG - locator: <matplotlib.ticker.MaxNLocator object at 0x000001DFA2EB1E80>
2019-06-30 23:32:33,625 - matplotlib.colorbar - DEBUG - Setting pcolormesh
2019-06-30 23:32:33,626 - matplotlib.axes._base - DEBUG - update_title_pos
2019-06-30 23:32:33,640 - matplotlib.axes._base - DEBUG - update_title_pos
2019-06-30 23:32:33,660 - matplotlib.axes._base - DEBUG - update_title_pos
2019-06-30 23:32:33,675 - matplotlib.axes._base - DEBUG - update_title_pos
2019-06-30 23:32:33,696 - matplotlib.axes._base - DEBUG - update_title_pos
2019-06-30 23:32:33,701 - matplotlib.axes._base - DEBUG - update_title_pos
2019-06-30 23:32:33,715 - matplotlib.axes._base - DEBUG - update_title_pos
2019-06-30 23:32:33,718 - matplotlib.axes._base - DEBUG - update_title_pos
2019-06-30 23:32:33,726 - matplotlib.axes._base - DEBUG - update_title_pos
2019-06-30 23:32:33,742 - matplotlib.axes._base - DEBUG - update_title_pos
2019-06-30 23:32:33,761 - root - DEBUG - correlation
2019-06-30 23:33:10,487 - root - DEBUG - big data received...
2019-06-30 23:33:15,617 - root - DEBUG - check null values
2019-06-30 23:33:16,417 - root - DEBUG - remove null values
2019-06-30 23:33:16,607 - root - DEBUG - check negative values
2019-06-30 23:33:52,692 - root - DEBUG - frequency analysis
2019-06-30 23:33:52,793 - matplotlib.axes._base - DEBUG - update_title_pos
2019-06-30 23:33:52,888 - matplotlib.axes._base - DEBUG - update_title_pos
2019-06-30 23:33:52,950 - matplotlib.axes._base - DEBUG - update_title_pos
2019-06-30 23:33:52,981 - matplotlib.axes._base - DEBUG - update_title_pos
2019-06-30 23:33:53,191 - matplotlib.axes._base - DEBUG - update_title_pos
2019-06-30 23:33:53,271 - matplotlib.axes._base - DEBUG - update_title_pos
2019-06-30 23:33:53,327 - matplotlib.axes._base - DEBUG - update_title_pos
2019-06-30 23:33:53,360 - matplotlib.axes._base - DEBUG - update_title_pos
2019-06-30 23:33:53,571 - matplotlib.axes._base - DEBUG - update_title_pos
2019-06-30 23:33:53,642 - matplotlib.axes._base - DEBUG - update_title_pos
2019-06-30 23:33:53,700 - matplotlib.axes._base - DEBUG - update_title_pos
2019-06-30 23:33:53,729 - matplotlib.axes._base - DEBUG - update_title_pos
2019-06-30 23:33:54,543 - root - DEBUG - calculate average displayed position according to search type
2019-06-30 23:33:54,680 - root - DEBUG - calculate best sorting order according to this search type
2019-06-30 23:33:54,733 - matplotlib.axes._base - DEBUG - update_title_pos
2019-06-30 23:33:54,783 - matplotlib.axes._base - DEBUG - update_title_pos
2019-06-30 23:33:54,870 - matplotlib.axes._base - DEBUG - update_title_pos
2019-06-30 23:33:54,922 - matplotlib.axes._base - DEBUG - update_title_pos
2019-06-30 23:33:54,958 - matplotlib.axes._base - DEBUG - update_title_pos
2019-06-30 23:34:10,244 - matplotlib.axes._base - DEBUG - update_title_pos
2019-06-30 23:34:10,329 - matplotlib.axes._base - DEBUG - update_title_pos
2019-06-30 23:34:10,423 - matplotlib.axes._base - DEBUG - update_title_pos
2019-06-30 23:34:10,478 - matplotlib.axes._base - DEBUG - update_title_pos
2019-06-30 23:34:19,642 - root - DEBUG - find the top 10 best and worst hotels
2019-06-30 23:34:20,793 - matplotlib.axes._base - DEBUG - update_title_pos
2019-06-30 23:34:20,860 - matplotlib.axes._base - DEBUG - update_title_pos
2019-06-30 23:34:20,913 - matplotlib.axes._base - DEBUG - update_title_pos
2019-06-30 23:34:20,929 - matplotlib.axes._base - DEBUG - update_title_pos
2019-06-30 23:34:21,045 - matplotlib.colorbar - DEBUG - locator: <matplotlib.ticker.MaxNLocator object at 0x000001DFA2AA1438>
2019-06-30 23:34:21,045 - matplotlib.colorbar - DEBUG - Using auto colorbar locator on colorbar
2019-06-30 23:34:21,045 - matplotlib.colorbar - DEBUG - locator: <matplotlib.ticker.MaxNLocator object at 0x000001DFA2AA1438>
2019-06-30 23:34:21,046 - matplotlib.colorbar - DEBUG - Setting pcolormesh
2019-06-30 23:34:21,046 - matplotlib.axes._base - DEBUG - update_title_pos
2019-06-30 23:34:21,068 - matplotlib.axes._base - DEBUG - update_title_pos
2019-06-30 23:34:21,103 - matplotlib.axes._base - DEBUG - update_title_pos
2019-06-30 23:34:21,122 - matplotlib.axes._base - DEBUG - update_title_pos
2019-06-30 23:34:21,156 - matplotlib.axes._base - DEBUG - update_title_pos
2019-06-30 23:34:21,163 - matplotlib.axes._base - DEBUG - update_title_pos
2019-06-30 23:34:21,191 - matplotlib.axes._base - DEBUG - update_title_pos
2019-06-30 23:34:21,200 - matplotlib.axes._base - DEBUG - update_title_pos
2019-06-30 23:34:21,215 - matplotlib.axes._base - DEBUG - update_title_pos
2019-06-30 23:34:21,234 - matplotlib.axes._base - DEBUG - update_title_pos
2019-06-30 23:34:21,274 - root - DEBUG - correlation
